#
# There is insufficient memory for the Java Runtime Environment to continue.
# Native memory allocation (malloc) failed to allocate 1040704 bytes. Error detail: Chunk::new
# Possible reasons:
#   The system is out of physical RAM or swap space
#   This process is running with CompressedOops enabled, and the Java Heap may be blocking the growth of the native heap
# Possible solutions:
#   Reduce memory load on the system
#   Increase physical memory or swap space
#   Check if swap backing store is full
#   Decrease Java heap size (-Xmx/-Xms)
#   Decrease number of Java threads
#   Decrease Java thread stack sizes (-Xss)
#   Set larger code cache with -XX:ReservedCodeCacheSize=
#   JVM is running with Zero Based Compressed Oops mode in which the Java heap is
#     placed in the first 32GB address space. The Java Heap base address is the
#     maximum limit for the native heap growth. Please use -XX:HeapBaseMinAddress
#     to set the Java Heap base and to place the Java Heap above 32GB virtual address.
# This output file may be truncated or incomplete.
#
#  Out of Memory Error (arena.cpp:150), pid=7788, tid=15940
#
# JRE version: Java(TM) SE Runtime Environment (22.0.2+9) (build 22.0.2+9-70)
# Java VM: Java HotSpot(TM) 64-Bit Server VM (22.0.2+9-70, mixed mode, sharing, tiered, compressed oops, compressed class ptrs, g1 gc, windows-amd64)
# No core dump will be written. Minidumps are not enabled by default on client versions of Windows
#

---------------  S U M M A R Y ------------

Command Line: -javaagent:D:\Apps\IntelliJ IDEA Community Edition 2024.2.4\lib\idea_rt.jar=51223:D:\Apps\IntelliJ IDEA Community Edition 2024.2.4\bin -Dfile.encoding=UTF-8 -Dsun.stdout.encoding=UTF-8 -Dsun.stderr.encoding=UTF-8 com.mohit.SMS.With.Maven.SmsWithMavenApplication

Host: AMD Ryzen 7 5700G with Radeon Graphics         , 16 cores, 13G,  Windows 11 , 64 bit Build 22621 (10.0.22621.4391)
Time: Sun Dec 15 11:28:06 2024 Bangladesh Standard Time elapsed time: 5.580051 seconds (0d 0h 0m 5s)

---------------  T H R E A D  ---------------

Current thread (0x000001f624866fd0):  JavaThread "C2 CompilerThread0" daemon [_thread_in_native, id=15940, stack(0x0000001122400000,0x0000001122500000) (1024K)]


Current CompileTask:
C2:5580 5200       4       jdk.internal.org.objectweb.asm.MethodWriter::computeAllFrames (510 bytes)

Stack: [0x0000001122400000,0x0000001122500000]
Native frames: (J=compiled Java code, j=interpreted, Vv=VM code, C=native code)
V  [jvm.dll+0x6e26e9]  (no source info available)
V  [jvm.dll+0x875753]  (no source info available)
V  [jvm.dll+0x877b7e]  (no source info available)
V  [jvm.dll+0x878253]  (no source info available)
V  [jvm.dll+0x27fc86]  (no source info available)
V  [jvm.dll+0xc3d0f]  (no source info available)
V  [jvm.dll+0xc3f6b]  (no source info available)
V  [jvm.dll+0x3bb47c]  (no source info available)
V  [jvm.dll+0x1df6ae]  (no source info available)
V  [jvm.dll+0x24793c]  (no source info available)
V  [jvm.dll+0x246e9f]  (no source info available)
V  [jvm.dll+0x1c4e80]  (no source info available)
V  [jvm.dll+0x2568f3]  (no source info available)
V  [jvm.dll+0x254baa]  (no source info available)
V  [jvm.dll+0x3f57a6]  (no source info available)
V  [jvm.dll+0x81dc0b]  (no source info available)
V  [jvm.dll+0x6e0d85]  (no source info available)
C  [ucrtbase.dll+0x29333]  (no source info available)
C  [KERNEL32.DLL+0x1259d]  (no source info available)
C  [ntdll.dll+0x5af38]  (no source info available)


---------------  P R O C E S S  ---------------

Threads class SMR info:
_java_thread_list=0x000001f66c51a610, length=25, elements={
0x000001f604049d70, 0x000001f62484bfe0, 0x000001f62484ce00, 0x000001f62484fbf0,
0x000001f624852e20, 0x000001f624853880, 0x000001f624855ce0, 0x000001f624866fd0,
0x000001f625560090, 0x000001f6256657f0, 0x000001f62566d7a0, 0x000001f6258fc1e0,
0x000001f625822350, 0x000001f66b220b80, 0x000001f66b3a7d90, 0x000001f66b3a8e50,
0x000001f66b460bf0, 0x000001f66b7b7410, 0x000001f66b82d140, 0x000001f66e59a0d0,
0x000001f66d5f24d0, 0x000001f66efc7480, 0x000001f66eaae3a0, 0x000001f66eaafde0,
0x000001f66eaaf750
}

Java Threads: ( => current thread )
  0x000001f604049d70 JavaThread "main"                              [_thread_blocked, id=5436, stack(0x0000001121600000,0x0000001121700000) (1024K)]
  0x000001f62484bfe0 JavaThread "Reference Handler"          daemon [_thread_blocked, id=12020, stack(0x0000001121e00000,0x0000001121f00000) (1024K)]
  0x000001f62484ce00 JavaThread "Finalizer"                  daemon [_thread_blocked, id=10580, stack(0x0000001121f00000,0x0000001122000000) (1024K)]
  0x000001f62484fbf0 JavaThread "Signal Dispatcher"          daemon [_thread_blocked, id=5628, stack(0x0000001122000000,0x0000001122100000) (1024K)]
  0x000001f624852e20 JavaThread "Attach Listener"            daemon [_thread_blocked, id=1860, stack(0x0000001122100000,0x0000001122200000) (1024K)]
  0x000001f624853880 JavaThread "Service Thread"             daemon [_thread_blocked, id=15904, stack(0x0000001122200000,0x0000001122300000) (1024K)]
  0x000001f624855ce0 JavaThread "Monitor Deflation Thread"   daemon [_thread_blocked, id=15648, stack(0x0000001122300000,0x0000001122400000) (1024K)]
=>0x000001f624866fd0 JavaThread "C2 CompilerThread0"         daemon [_thread_in_native, id=15940, stack(0x0000001122400000,0x0000001122500000) (1024K)]
  0x000001f625560090 JavaThread "C1 CompilerThread0"         daemon [_thread_in_vm, id=15460, stack(0x0000001122500000,0x0000001122600000) (1024K)]
  0x000001f6256657f0 JavaThread "Common-Cleaner"             daemon [_thread_blocked, id=15872, stack(0x0000001122600000,0x0000001122700000) (1024K)]
  0x000001f62566d7a0 JavaThread "C1 CompilerThread1"         daemon [_thread_in_native, id=15980, stack(0x0000001122700000,0x0000001122800000) (1024K)]
  0x000001f6258fc1e0 JavaThread "Monitor Ctrl-Break"         daemon [_thread_in_native, id=17264, stack(0x0000001122800000,0x0000001122900000) (1024K)]
  0x000001f625822350 JavaThread "Notification Thread"        daemon [_thread_blocked, id=13708, stack(0x0000001122900000,0x0000001122a00000) (1024K)]
  0x000001f66b220b80 JavaThread "C2 CompilerThread1"         daemon [_thread_blocked, id=16508, stack(0x0000001122a00000,0x0000001122b00000) (1024K)]
  0x000001f66b3a7d90 JavaThread "C1 CompilerThread2"         daemon [_thread_in_native, id=15908, stack(0x0000001122b00000,0x0000001122c00000) (1024K)]
  0x000001f66b3a8e50 JavaThread "C1 CompilerThread3"         daemon [_thread_blocked, id=15368, stack(0x0000001122c00000,0x0000001122d00000) (1024K)]
  0x000001f66b460bf0 JavaThread "C2 CompilerThread2"         daemon [_thread_blocked, id=15432, stack(0x0000001122d00000,0x0000001122e00000) (1024K)]
  0x000001f66b7b7410 JavaThread "Thread-0"                          [_thread_blocked, id=17280, stack(0x0000001122e00000,0x0000001122f00000) (1024K)]
  0x000001f66b82d140 JavaThread "restartedMain"                     [_thread_in_vm, id=12272, stack(0x0000001122f00000,0x0000001123000000) (1024K)]
  0x000001f66e59a0d0 JavaThread "Catalina-utility-1"                [_thread_blocked, id=13300, stack(0x0000001123e00000,0x0000001123f00000) (1024K)]
  0x000001f66d5f24d0 JavaThread "Catalina-utility-2"                [_thread_blocked, id=9896, stack(0x0000001123f00000,0x0000001124000000) (1024K)]
  0x000001f66efc7480 JavaThread "container-0"                       [_thread_blocked, id=8472, stack(0x0000001124000000,0x0000001124100000) (1024K)]
  0x000001f66eaae3a0 JavaThread "mysql-cj-abandoned-connection-cleanup" daemon [_thread_blocked, id=16404, stack(0x0000001124100000,0x0000001124200000) (1024K)]
  0x000001f66eaafde0 JavaThread "HikariPool-1 housekeeper"   daemon [_thread_blocked, id=17248, stack(0x0000001124300000,0x0000001124400000) (1024K)]
  0x000001f66eaaf750 JavaThread "HikariPool-1 connection adder" daemon [_thread_in_native, id=13856, stack(0x0000001124400000,0x0000001124500000) (1024K)]
Total: 25

Other Threads:
  0x000001f624831840 VMThread "VM Thread"                           [id=9560, stack(0x0000001121d00000,0x0000001121e00000) (1024K)]
  0x000001f624818e50 WatcherThread "VM Periodic Task Thread"        [id=5848, stack(0x0000001121c00000,0x0000001121d00000) (1024K)]
  0x000001f606336e40 WorkerThread "GC Thread#0"                     [id=9304, stack(0x0000001121700000,0x0000001121800000) (1024K)]
  0x000001f66b8d3670 WorkerThread "GC Thread#1"                     [id=14100, stack(0x0000001123000000,0x0000001123100000) (1024K)]
  0x000001f66b8d3a20 WorkerThread "GC Thread#2"                     [id=14892, stack(0x0000001123100000,0x0000001123200000) (1024K)]
  0x000001f66b8d3dd0 WorkerThread "GC Thread#3"                     [id=16412, stack(0x0000001123200000,0x0000001123300000) (1024K)]
  0x000001f66b502cd0 WorkerThread "GC Thread#4"                     [id=17380, stack(0x0000001123300000,0x0000001123400000) (1024K)]
  0x000001f66b503080 WorkerThread "GC Thread#5"                     [id=15900, stack(0x0000001123400000,0x0000001123500000) (1024K)]
  0x000001f66bb47930 WorkerThread "GC Thread#6"                     [id=9320, stack(0x0000001123600000,0x0000001123700000) (1024K)]
  0x000001f66be540c0 WorkerThread "GC Thread#7"                     [id=16840, stack(0x0000001123700000,0x0000001123800000) (1024K)]
  0x000001f66bb0f140 WorkerThread "GC Thread#8"                     [id=17340, stack(0x0000001123800000,0x0000001123900000) (1024K)]
  0x000001f66bb10990 WorkerThread "GC Thread#9"                     [id=11060, stack(0x0000001123900000,0x0000001123a00000) (1024K)]
  0x000001f66be4a570 WorkerThread "GC Thread#10"                    [id=17072, stack(0x0000001123a00000,0x0000001123b00000) (1024K)]
  0x000001f66bb1de10 WorkerThread "GC Thread#11"                    [id=17168, stack(0x0000001123b00000,0x0000001123c00000) (1024K)]
  0x000001f66c29fab0 WorkerThread "GC Thread#12"                    [id=7752, stack(0x0000001123500000,0x0000001123600000) (1024K)]
  0x000001f606345e30 ConcurrentGCThread "G1 Main Marker"            [id=15868, stack(0x0000001121800000,0x0000001121900000) (1024K)]
  0x000001f606346940 WorkerThread "G1 Conc#0"                       [id=12108, stack(0x0000001121900000,0x0000001121a00000) (1024K)]
  0x000001f66c29ebf0 WorkerThread "G1 Conc#1"                       [id=17348, stack(0x0000001123c00000,0x0000001123d00000) (1024K)]
  0x000001f66c29fe60 WorkerThread "G1 Conc#2"                       [id=2040, stack(0x0000001123d00000,0x0000001123e00000) (1024K)]
  0x000001f60638e440 ConcurrentGCThread "G1 Refine#0"               [id=17056, stack(0x0000001121a00000,0x0000001121b00000) (1024K)]
  0x000001f6246ec020 ConcurrentGCThread "G1 Service"                [id=14192, stack(0x0000001121b00000,0x0000001121c00000) (1024K)]
Total: 21

Threads with active compile tasks:
C2 CompilerThread0  5640 5200       4       jdk.internal.org.objectweb.asm.MethodWriter::computeAllFrames (510 bytes)
C1 CompilerThread1  5641 5399       3       com.mysql.cj.protocol.result.AbstractResultsetRow::decodeAndCreateReturnValue (1125 bytes)
Total: 2

VM state: not at safepoint (normal execution)

VM Mutex/Monitor currently owned by a thread: None

Heap address: 0x0000000721a00000, size: 3558 MB, Compressed Oops mode: Zero based, Oop shift amount: 3

CDS archive(s) mapped at: [0x000001f626000000-0x000001f626c60000-0x000001f626c60000), size 12976128, SharedBaseAddress: 0x000001f626000000, ArchiveRelocationMode: 1.
Compressed class space mapped at: 0x000001f627000000-0x000001f667000000, reserved size: 1073741824
Narrow klass base: 0x000001f626000000, Narrow klass shift: 0, Narrow klass range: 0x41000000

GC Precious Log:
 CardTable entry size: 512
 Card Set container configuration: InlinePtr #cards 4 size 8 Array Of Cards #cards 16 size 48 Howl #buckets 8 coarsen threshold 3686 Howl Bitmap #cards 512 size 80 coarsen threshold 460 Card regions per heap region 1 cards per card region 4096
 CPUs: 16 total, 16 available
 Memory: 14228M
 Large Page Support: Disabled
 NUMA Support: Disabled
 Compressed Oops: Enabled (Zero based)
 Heap Region Size: 2M
 Heap Min Capacity: 8M
 Heap Initial Capacity: 224M
 Heap Max Capacity: 3558M
 Pre-touch: Disabled
 Parallel Workers: 13
 Concurrent Workers: 3
 Concurrent Refinement Workers: 13
 Periodic GC: Disabled

Heap:
 garbage-first heap   total reserved 3643392K, committed 65536K, used 48004K [0x0000000721a00000, 0x0000000800000000)
  region size 2048K, 17 young (34816K), 2 survivors (4096K)
 Metaspace       used 46790K, committed 47360K, reserved 1114112K
  class space    used 6060K, committed 6336K, reserved 1048576K

Heap Regions: E=young(eden), S=young(survivor), O=old, HS=humongous(starts), HC=humongous(continues), CS=collection set, F=free, TAMS=top-at-mark-start, PB=parsable bottom
|   0|0x0000000721a00000, 0x0000000721c00000, 0x0000000721c00000|100%| O|  |TAMS 0x0000000721a00000| PB 0x0000000721a00000| Untracked |  0
|   1|0x0000000721c00000, 0x0000000721e00000, 0x0000000721e00000|100%| O|  |TAMS 0x0000000721c00000| PB 0x0000000721c00000| Untracked |  0
|   2|0x0000000721e00000, 0x0000000722000000, 0x0000000722000000|100%| O|  |TAMS 0x0000000721e00000| PB 0x0000000721e00000| Untracked |  0
|   3|0x0000000722000000, 0x0000000722000000, 0x0000000722200000|  0%| F|  |TAMS 0x0000000722000000| PB 0x0000000722000000| Untracked |  0
|   4|0x0000000722200000, 0x0000000722400000, 0x0000000722400000|100%| O|  |TAMS 0x0000000722200000| PB 0x0000000722200000| Untracked |  0
|   5|0x0000000722400000, 0x0000000722600000, 0x0000000722600000|100%| O|  |TAMS 0x0000000722400000| PB 0x0000000722400000| Untracked |  0
|   6|0x0000000722600000, 0x0000000722800000, 0x0000000722800000|100%| O|  |TAMS 0x0000000722600000| PB 0x0000000722600000| Untracked |  0
|   7|0x0000000722800000, 0x0000000722a00000, 0x0000000722a00000|100%| O|  |TAMS 0x0000000722800000| PB 0x0000000722800000| Untracked |  0
|   8|0x0000000722a00000, 0x0000000722bc3800, 0x0000000722c00000| 88%| O|  |TAMS 0x0000000722a00000| PB 0x0000000722a00000| Untracked |  0
|   9|0x0000000722c00000, 0x0000000722c00000, 0x0000000722e00000|  0%| F|  |TAMS 0x0000000722c00000| PB 0x0000000722c00000| Untracked |  0
|  10|0x0000000722e00000, 0x0000000722e00000, 0x0000000723000000|  0%| F|  |TAMS 0x0000000722e00000| PB 0x0000000722e00000| Untracked |  0
|  11|0x0000000723000000, 0x0000000723000000, 0x0000000723200000|  0%| F|  |TAMS 0x0000000723000000| PB 0x0000000723000000| Untracked |  0
|  12|0x0000000723200000, 0x0000000723200000, 0x0000000723400000|  0%| F|  |TAMS 0x0000000723200000| PB 0x0000000723200000| Untracked |  0
|  13|0x0000000723400000, 0x0000000723400000, 0x0000000723600000|  0%| F|  |TAMS 0x0000000723400000| PB 0x0000000723400000| Untracked |  0
|  14|0x0000000723600000, 0x0000000723600000, 0x0000000723800000|  0%| F|  |TAMS 0x0000000723600000| PB 0x0000000723600000| Untracked |  0
|  15|0x0000000723800000, 0x0000000723842bc0, 0x0000000723a00000| 13%| E|  |TAMS 0x0000000723800000| PB 0x0000000723800000| Complete |  0
|  16|0x0000000723a00000, 0x0000000723c00000, 0x0000000723c00000|100%| E|CS|TAMS 0x0000000723a00000| PB 0x0000000723a00000| Complete |  1
|  17|0x0000000723c00000, 0x0000000723e00000, 0x0000000723e00000|100%| E|CS|TAMS 0x0000000723c00000| PB 0x0000000723c00000| Complete |  0
|  18|0x0000000723e00000, 0x0000000724000000, 0x0000000724000000|100%| E|CS|TAMS 0x0000000723e00000| PB 0x0000000723e00000| Complete |  0
|  19|0x0000000724000000, 0x0000000724200000, 0x0000000724200000|100%| E|CS|TAMS 0x0000000724000000| PB 0x0000000724000000| Complete |  0
|  20|0x0000000724200000, 0x0000000724400000, 0x0000000724400000|100%| E|CS|TAMS 0x0000000724200000| PB 0x0000000724200000| Complete |  0
|  21|0x0000000724400000, 0x000000072451da60, 0x0000000724600000| 55%| S|CS|TAMS 0x0000000724400000| PB 0x0000000724400000| Complete |  0
|  22|0x0000000724600000, 0x0000000724800000, 0x0000000724800000|100%| S|CS|TAMS 0x0000000724600000| PB 0x0000000724600000| Complete |  0
|  23|0x0000000724800000, 0x0000000724a00000, 0x0000000724a00000|100%| E|CS|TAMS 0x0000000724800000| PB 0x0000000724800000| Complete |  0
|  24|0x0000000724a00000, 0x0000000724c00000, 0x0000000724c00000|100%| E|CS|TAMS 0x0000000724a00000| PB 0x0000000724a00000| Complete |  0
|  25|0x0000000724c00000, 0x0000000724e00000, 0x0000000724e00000|100%| E|CS|TAMS 0x0000000724c00000| PB 0x0000000724c00000| Complete |  0
|  26|0x0000000724e00000, 0x0000000725000000, 0x0000000725000000|100%| E|CS|TAMS 0x0000000724e00000| PB 0x0000000724e00000| Complete |  0
|  85|0x000000072c400000, 0x000000072c600000, 0x000000072c600000|100%| E|CS|TAMS 0x000000072c400000| PB 0x000000072c400000| Complete |  0
|  86|0x000000072c600000, 0x000000072c800000, 0x000000072c800000|100%| E|CS|TAMS 0x000000072c600000| PB 0x000000072c600000| Complete |  0
|  87|0x000000072c800000, 0x000000072ca00000, 0x000000072ca00000|100%| E|CS|TAMS 0x000000072c800000| PB 0x000000072c800000| Complete |  0
|  88|0x000000072ca00000, 0x000000072cc00000, 0x000000072cc00000|100%| E|CS|TAMS 0x000000072ca00000| PB 0x000000072ca00000| Complete |  0
| 111|0x000000072f800000, 0x000000072fa00000, 0x000000072fa00000|100%| E|CS|TAMS 0x000000072f800000| PB 0x000000072f800000| Complete |  0

Card table byte_map: [0x000001f61e5a0000,0x000001f61eca0000] _byte_map_base: 0x000001f61ac93000

Marking Bits: (CMBitMap*) 0x000001f606337550
 Bits: [0x000001f61eca0000, 0x000001f622438000)

Polling page: 0x000001f604200000

Metaspace:

Usage:
  Non-class:     39.80 MB used.
      Class:      5.92 MB used.
       Both:     45.72 MB used.

Virtual space:
  Non-class space:       64.00 MB reserved,      40.12 MB ( 63%) committed,  1 nodes.
      Class space:        1.00 GB reserved,       6.19 MB ( <1%) committed,  1 nodes.
             Both:        1.06 GB reserved,      46.31 MB (  4%) committed. 

Chunk freelists:
   Non-Class:  7.92 MB
       Class:  9.78 MB
        Both:  17.70 MB

MaxMetaspaceSize: unlimited
CompressedClassSpaceSize: 1.00 GB
Initial GC threshold: 21.00 MB
Current GC threshold: 59.06 MB
CDS: on
 - commit_granule_bytes: 65536.
 - commit_granule_words: 8192.
 - virtual_space_node_default_size: 8388608.
 - enlarge_chunks_in_place: 1.
 - use_allocation_guard: 0.


Internal statistics:

num_allocs_failed_limit: 6.
num_arena_births: 716.
num_arena_deaths: 0.
num_vsnodes_births: 2.
num_vsnodes_deaths: 0.
num_space_committed: 741.
num_space_uncommitted: 0.
num_chunks_returned_to_freelist: 6.
num_chunks_taken_from_freelist: 2244.
num_chunk_merges: 6.
num_chunk_splits: 1572.
num_chunks_enlarged: 1152.
num_inconsistent_stats: 0.

CodeHeap 'non-profiled nmethods': size=119168Kb used=3136Kb max_used=3136Kb free=116031Kb
 bounds [0x000001f6161c0000, 0x000001f6164e0000, 0x000001f61d620000]
CodeHeap 'profiled nmethods': size=119104Kb used=10078Kb max_used=10078Kb free=109025Kb
 bounds [0x000001f60e620000, 0x000001f60f000000, 0x000001f615a70000]
CodeHeap 'non-nmethods': size=7488Kb used=3320Kb max_used=3329Kb free=4167Kb
 bounds [0x000001f615a70000, 0x000001f615dc0000, 0x000001f6161c0000]
 total_blobs=5635 nmethods=4960 adapters=576
 compilation: enabled
              stopped_count=0, restarted_count=0
 full_count=0

Compilation events (20 events):
Event: 5.490 Thread 0x000001f66b3a7d90 nmethod 5276 0x000001f6164bf190 code [0x000001f6164bf320, 0x000001f6164bf3f0]
Event: 5.490 Thread 0x000001f66b3a7d90 5278       3       com.mysql.cj.protocol.a.NativePacketPayload::ensureCapacity (93 bytes)
Event: 5.490 Thread 0x000001f625560090 5279       3       com.mysql.cj.protocol.a.NativePacketPayload::adjustPayloadLength (20 bytes)
Event: 5.491 Thread 0x000001f625560090 nmethod 5279 0x000001f60e69db10 code [0x000001f60e69dca0, 0x000001f60e69dde0]
Event: 5.491 Thread 0x000001f62566d7a0 5280       1       jdk.internal.event.SocketReadEvent::enabled (2 bytes)
Event: 5.491 Thread 0x000001f66b3a8e50 nmethod 5277 0x000001f60e69d290 code [0x000001f60e69d480, 0x000001f60e69d940]
Event: 5.491 Thread 0x000001f66b3a7d90 nmethod 5278 0x000001f60e69cc10 code [0x000001f60e69ce00, 0x000001f60e69d1a8]
Event: 5.491 Thread 0x000001f62566d7a0 nmethod 5280 0x000001f6164bf490 code [0x000001f6164bf620, 0x000001f6164bf6c8]
Event: 5.491 Thread 0x000001f62566d7a0 5281       3       java.nio.HeapByteBuffer::<init> (31 bytes)
Event: 5.491 Thread 0x000001f625560090 5283       3       java.security.MessageDigest$Delegate::engineUpdate (9 bytes)
Event: 5.491 Thread 0x000001f66b3a7d90 5284       3       sun.security.provider.DigestBase::engineUpdate (32 bytes)
Event: 5.491 Thread 0x000001f66b3a8e50 5282       3       java.security.MessageDigest::update (11 bytes)
Event: 5.491 Thread 0x000001f62566d7a0 nmethod 5281 0x000001f60e69c810 code [0x000001f60e69c9c0, 0x000001f60e69cb50]
Event: 5.491 Thread 0x000001f625560090 nmethod 5283 0x000001f60e69c390 code [0x000001f60e69c540, 0x000001f60e69c720]
Event: 5.491 Thread 0x000001f66b220b80 nmethod 5243 0x000001f6164bf790 code [0x000001f6164bfaa0, 0x000001f6164c10d8]
Event: 5.491 Thread 0x000001f66b3a7d90 nmethod 5284 0x000001f60e69be10 code [0x000001f60e69bfc0, 0x000001f60e69c278]
Event: 5.491 Thread 0x000001f66b3a8e50 nmethod 5282 0x000001f60e69b890 code [0x000001f60e69ba40, 0x000001f60e69bd08]
Event: 5.492 Thread 0x000001f66b220b80 5273 %     4       sun.security.provider.SHA5::implCompress0 @ 157 (346 bytes)
Event: 5.493 Thread 0x000001f66b460bf0 nmethod 5257 0x000001f6164c1e10 code [0x000001f6164c1fa0, 0x000001f6164c23c0]
Event: 5.493 Thread 0x000001f66b460bf0 5261       4       sun.security.util.math.intpoly.IntegerPolynomial::conditionalSwap (56 bytes)

GC Heap History (12 events):
Event: 1.140 GC heap before
{Heap before GC invocations=0 (full 0):
 garbage-first heap   total reserved 3643392K, committed 229376K, used 22528K [0x0000000721a00000, 0x0000000800000000)
  region size 2048K, 12 young (24576K), 0 survivors (0K)
 Metaspace       used 5133K, committed 5376K, reserved 1114112K
  class space    used 578K, committed 704K, reserved 1048576K
}
Event: 1.143 GC heap after
{Heap after GC invocations=1 (full 0):
 garbage-first heap   total reserved 3643392K, committed 229376K, used 6733K [0x0000000721a00000, 0x0000000800000000)
  region size 2048K, 2 young (4096K), 2 survivors (4096K)
 Metaspace       used 5133K, committed 5376K, reserved 1114112K
  class space    used 578K, committed 704K, reserved 1048576K
}
Event: 1.610 GC heap before
{Heap before GC invocations=1 (full 0):
 garbage-first heap   total reserved 3643392K, committed 229376K, used 37453K [0x0000000721a00000, 0x0000000800000000)
  region size 2048K, 18 young (36864K), 2 survivors (4096K)
 Metaspace       used 15248K, committed 15488K, reserved 1114112K
  class space    used 1795K, committed 1920K, reserved 1048576K
}
Event: 1.614 GC heap after
{Heap after GC invocations=2 (full 0):
 garbage-first heap   total reserved 3643392K, committed 229376K, used 9870K [0x0000000721a00000, 0x0000000800000000)
  region size 2048K, 2 young (4096K), 2 survivors (4096K)
 Metaspace       used 15248K, committed 15488K, reserved 1114112K
  class space    used 1795K, committed 1920K, reserved 1048576K
}
Event: 2.205 GC heap before
{Heap before GC invocations=2 (full 0):
 garbage-first heap   total reserved 3643392K, committed 229376K, used 50830K [0x0000000721a00000, 0x0000000800000000)
  region size 2048K, 23 young (47104K), 2 survivors (4096K)
 Metaspace       used 21221K, committed 21504K, reserved 1114112K
  class space    used 2561K, committed 2688K, reserved 1048576K
}
Event: 2.211 GC heap after
{Heap after GC invocations=3 (full 0):
 garbage-first heap   total reserved 3643392K, committed 229376K, used 13634K [0x0000000721a00000, 0x0000000800000000)
  region size 2048K, 4 young (8192K), 4 survivors (8192K)
 Metaspace       used 21221K, committed 21504K, reserved 1114112K
  class space    used 2561K, committed 2688K, reserved 1048576K
}
Event: 2.821 GC heap before
{Heap before GC invocations=4 (full 0):
 garbage-first heap   total reserved 3643392K, committed 55296K, used 52546K [0x0000000721a00000, 0x0000000800000000)
  region size 2048K, 23 young (47104K), 4 survivors (8192K)
 Metaspace       used 26639K, committed 27072K, reserved 1114112K
  class space    used 3321K, committed 3520K, reserved 1048576K
}
Event: 2.827 GC heap after
{Heap after GC invocations=5 (full 0):
 garbage-first heap   total reserved 3643392K, committed 65536K, used 16858K [0x0000000721a00000, 0x0000000800000000)
  region size 2048K, 5 young (10240K), 5 survivors (10240K)
 Metaspace       used 26639K, committed 27072K, reserved 1114112K
  class space    used 3321K, committed 3520K, reserved 1048576K
}
Event: 3.247 GC heap before
{Heap before GC invocations=5 (full 0):
 garbage-first heap   total reserved 3643392K, committed 65536K, used 45530K [0x0000000721a00000, 0x0000000800000000)
  region size 2048K, 19 young (38912K), 5 survivors (10240K)
 Metaspace       used 30907K, committed 31488K, reserved 1114112K
  class space    used 3898K, committed 4160K, reserved 1048576K
}
Event: 3.252 GC heap after
{Heap after GC invocations=6 (full 0):
 garbage-first heap   total reserved 3643392K, committed 65536K, used 18737K [0x0000000721a00000, 0x0000000800000000)
  region size 2048K, 2 young (4096K), 2 survivors (4096K)
 Metaspace       used 30907K, committed 31488K, reserved 1114112K
  class space    used 3898K, committed 4160K, reserved 1048576K
}
Event: 4.208 GC heap before
{Heap before GC invocations=6 (full 0):
 garbage-first heap   total reserved 3643392K, committed 65536K, used 35121K [0x0000000721a00000, 0x0000000800000000)
  region size 2048K, 11 young (22528K), 2 survivors (4096K)
 Metaspace       used 35556K, committed 36096K, reserved 1114112K
  class space    used 4578K, committed 4800K, reserved 1048576K
}
Event: 4.210 GC heap after
{Heap after GC invocations=7 (full 0):
 garbage-first heap   total reserved 3643392K, committed 65536K, used 19332K [0x0000000721a00000, 0x0000000800000000)
  region size 2048K, 2 young (4096K), 2 survivors (4096K)
 Metaspace       used 35556K, committed 36096K, reserved 1114112K
  class space    used 4578K, committed 4800K, reserved 1048576K
}

Dll operation events (15 events):
Event: 0.039 Loaded shared library D:\Apps\JAVA\bin\java.dll
Event: 0.062 Loaded shared library D:\Apps\JAVA\bin\jsvml.dll
Event: 0.123 Loaded shared library D:\Apps\JAVA\bin\zip.dll
Event: 0.127 Loaded shared library D:\Apps\JAVA\bin\instrument.dll
Event: 0.130 Loaded shared library D:\Apps\JAVA\bin\net.dll
Event: 0.131 Loaded shared library D:\Apps\JAVA\bin\nio.dll
Event: 0.133 Loaded shared library D:\Apps\JAVA\bin\zip.dll
Event: 0.825 Loaded shared library D:\Apps\IntelliJ IDEA Community Edition 2024.2.4\bin\breakgen64.dll
Event: 0.831 Loaded shared library D:\Apps\JAVA\bin\extnet.dll
Event: 0.856 Loaded shared library D:\Apps\JAVA\bin\jimage.dll
Event: 1.083 Loaded shared library D:\Apps\JAVA\bin\management.dll
Event: 1.084 Loaded shared library D:\Apps\JAVA\bin\management_ext.dll
Event: 1.438 Loaded shared library D:\Apps\JAVA\bin\le.dll
Event: 1.739 Loaded shared library D:\Apps\JAVA\bin\sunmscapi.dll
Event: 4.179 Loaded shared library D:\Apps\JAVA\bin\verify.dll

Deoptimization events (20 events):
Event: 5.308 Thread 0x000001f66eaaf750 DEOPT PACKING pc=0x000001f61625f5f4 sp=0x00000011244fdf60
Event: 5.308 Thread 0x000001f66eaaf750 DEOPT UNPACKING pc=0x000001f615ac46a2 sp=0x00000011244fdeb0 mode 2
Event: 5.308 Thread 0x000001f66eaaf750 Uncommon trap: trap_request=0xffffff66 fr.pc=0x000001f61625f5f4 relative=0x0000000000000314
Event: 5.308 Thread 0x000001f66eaaf750 Uncommon trap: reason=speculate_class_check action=maybe_recompile pc=0x000001f61625f5f4 method=sun.security.util.math.intpoly.IntegerPolynomial.multByInt([JJ)V @ 26 c2
Event: 5.308 Thread 0x000001f66eaaf750 DEOPT PACKING pc=0x000001f61625f5f4 sp=0x00000011244fdf60
Event: 5.308 Thread 0x000001f66eaaf750 DEOPT UNPACKING pc=0x000001f615ac46a2 sp=0x00000011244fdeb0 mode 2
Event: 5.311 Thread 0x000001f66eaaf750 Uncommon trap: trap_request=0xffffff6e fr.pc=0x000001f61649698c relative=0x000000000000026c
Event: 5.311 Thread 0x000001f66eaaf750 Uncommon trap: reason=loop_limit_check action=maybe_recompile pc=0x000001f61649698c method=java.math.BigInteger.implMulAdd([I[IIII)I @ 26 c2
Event: 5.311 Thread 0x000001f66eaaf750 DEOPT PACKING pc=0x000001f61649698c sp=0x00000011244fdbc0
Event: 5.311 Thread 0x000001f66eaaf750 DEOPT UNPACKING pc=0x000001f615ac46a2 sp=0x00000011244fdb10 mode 2
Event: 5.313 Thread 0x000001f66eaaf750 DEOPT PACKING pc=0x000001f60e85aad0 sp=0x00000011244fdf40
Event: 5.313 Thread 0x000001f66eaaf750 DEOPT UNPACKING pc=0x000001f615ac4e42 sp=0x00000011244fd370 mode 0
Event: 5.320 Thread 0x000001f66eaaf750 DEOPT PACKING pc=0x000001f60e85aa9d sp=0x00000011244fd9c0
Event: 5.320 Thread 0x000001f66eaaf750 DEOPT UNPACKING pc=0x000001f615ac4e42 sp=0x00000011244fcdf0 mode 0
Event: 5.322 Thread 0x000001f66eaaf750 DEOPT PACKING pc=0x000001f60e85aad0 sp=0x00000011244fdfb0
Event: 5.322 Thread 0x000001f66eaaf750 DEOPT UNPACKING pc=0x000001f615ac4e42 sp=0x00000011244fd3e0 mode 0
Event: 5.322 Thread 0x000001f66eaaf750 DEOPT PACKING pc=0x000001f60e85aa9d sp=0x00000011244fdba0
Event: 5.322 Thread 0x000001f66eaaf750 DEOPT UNPACKING pc=0x000001f615ac4e42 sp=0x00000011244fcfd0 mode 0
Event: 5.322 Thread 0x000001f66eaaf750 DEOPT PACKING pc=0x000001f60e85aad0 sp=0x00000011244fdc20
Event: 5.322 Thread 0x000001f66eaaf750 DEOPT UNPACKING pc=0x000001f615ac4e42 sp=0x00000011244fd050 mode 0

Classes loaded (20 events):
Event: 5.142 Loading class java/util/concurrent/ThreadPoolExecutor$CallerRunsPolicy
Event: 5.142 Loading class java/util/concurrent/ThreadPoolExecutor$CallerRunsPolicy done
Event: 5.143 Loading class java/util/concurrent/atomic/AtomicReferenceFieldUpdater
Event: 5.143 Loading class java/util/concurrent/atomic/AtomicReferenceFieldUpdater done
Event: 5.143 Loading class java/util/concurrent/atomic/AtomicReferenceFieldUpdater$AtomicReferenceFieldUpdaterImpl
Event: 5.143 Loading class java/util/concurrent/atomic/AtomicReferenceFieldUpdater$AtomicReferenceFieldUpdaterImpl done
Event: 5.143 Loading class java/util/concurrent/atomic/AtomicReferenceFieldUpdater$AtomicReferenceFieldUpdaterImpl$1
Event: 5.143 Loading class java/util/concurrent/atomic/AtomicReferenceFieldUpdater$AtomicReferenceFieldUpdaterImpl$1 done
Event: 5.151 Loading class java/util/TimerTask
Event: 5.151 Loading class java/util/TimerTask done
Event: 5.337 Loading class java/util/regex/Pattern$1MatcherIterator
Event: 5.338 Loading class java/util/regex/Pattern$1MatcherIterator done
Event: 5.348 Loading class java/lang/StringIndexOutOfBoundsException
Event: 5.348 Loading class java/lang/StringIndexOutOfBoundsException done
Event: 5.348 Loading class java/io/CharArrayWriter
Event: 5.349 Loading class java/io/CharArrayWriter done
Event: 5.356 Loading class java/security/CodeSigner
Event: 5.356 Loading class java/security/CodeSigner done
Event: 5.358 Loading class jdk/internal/reflect/MethodHandleIntegerFieldAccessorImpl
Event: 5.358 Loading class jdk/internal/reflect/MethodHandleIntegerFieldAccessorImpl done

Classes unloaded (0 events):
No events

Classes redefined (0 events):
No events

Internal exceptions (20 events):
Event: 2.923 Thread 0x000001f66b82d140 Exception <a 'java/lang/NoSuchMethodError'{0x000000072c4e83d0}: 'void java.lang.invoke.DirectMethodHandle$Holder.invokeStatic(java.lang.Object, int, java.lang.Object)'> (0x000000072c4e83d0) 
thrown [s\open\src\hotspot\share\interpreter\linkResolver.cpp, line 774]
Event: 2.928 Thread 0x000001f66b82d140 Exception <a 'java/lang/NoSuchMethodError'{0x000000072c51e8f0}: 'void java.lang.invoke.DirectMethodHandle$Holder.invokeStatic(java.lang.Object, java.lang.Object, java.lang.Object, int, java.lang.Object)'> (0x000000072c51e8f0) 
thrown [s\open\src\hotspot\share\interpreter\linkResolver.cpp, line 774]
Event: 2.929 Thread 0x000001f66b82d140 Exception <a 'java/lang/NoSuchMethodError'{0x000000072c525170}: 'java.lang.Object java.lang.invoke.DirectMethodHandle$Holder.newInvokeSpecial(java.lang.Object, java.lang.Object, java.lang.Object, int)'> (0x000000072c525170) 
thrown [s\open\src\hotspot\share\interpreter\linkResolver.cpp, line 774]
Event: 2.929 Thread 0x000001f66b82d140 Exception <a 'java/lang/NoSuchMethodError'{0x000000072c529010}: 'java.lang.Object java.lang.invoke.DirectMethodHandle$Holder.invokeSpecial(java.lang.Object, java.lang.Object, java.lang.Object, java.lang.Object, int)'> (0x000000072c529010) 
thrown [s\open\src\hotspot\share\interpreter\linkResolver.cpp, line 774]
Event: 2.929 Thread 0x000001f66b82d140 Exception <a 'java/lang/NoSuchMethodError'{0x000000072c52c498}: 'java.lang.Object java.lang.invoke.Invokers$Holder.linkToTargetMethod(java.lang.Object, java.lang.Object, int, java.lang.Object)'> (0x000000072c52c498) 
thrown [s\open\src\hotspot\share\interpreter\linkResolver.cpp, line 774]
Event: 2.996 Thread 0x000001f66b82d140 Exception <a 'java/lang/NoSuchMethodError'{0x00000007242be8f0}: 'java.lang.Object java.lang.invoke.DirectMethodHandle$Holder.invokeStaticInit(java.lang.Object, int, int, int, int)'> (0x00000007242be8f0) 
thrown [s\open\src\hotspot\share\interpreter\linkResolver.cpp, line 774]
Event: 3.007 Thread 0x000001f66b82d140 Exception <a 'java/lang/NoSuchMethodError'{0x00000007242e7980}: 'java.lang.Object java.lang.invoke.DirectMethodHandle$Holder.invokeStaticInit(java.lang.Object, java.lang.Object, int, int, int, int)'> (0x00000007242e7980) 
thrown [s\open\src\hotspot\share\interpreter\linkResolver.cpp, line 774]
Event: 3.107 Thread 0x000001f66b82d140 Exception <a 'java/lang/NoSuchMethodError'{0x0000000723d97b30}: 'int java.lang.invoke.DirectMethodHandle$Holder.invokeVirtual(java.lang.Object, java.lang.Object, java.lang.Object, java.lang.Object)'> (0x0000000723d97b30) 
thrown [s\open\src\hotspot\share\interpreter\linkResolver.cpp, line 774]
Event: 3.107 Thread 0x000001f66b82d140 Exception <a 'java/lang/NoSuchMethodError'{0x0000000723d9b5a8}: 'int java.lang.invoke.DelegatingMethodHandle$Holder.reinvoke_L(java.lang.Object, java.lang.Object, java.lang.Object, java.lang.Object)'> (0x0000000723d9b5a8) 
thrown [s\open\src\hotspot\share\interpreter\linkResolver.cpp, line 774]
Event: 3.147 Thread 0x000001f66b82d140 Exception <a 'java/io/FileNotFoundException'{0x0000000723baf7b8}> (0x0000000723baf7b8) 
thrown [s\open\src\hotspot\share\prims\jni.cpp, line 520]
Event: 3.163 Thread 0x000001f66b82d140 Exception <a 'java/lang/NoSuchMethodError'{0x0000000723906460}: 'int java.lang.invoke.DirectMethodHandle$Holder.invokeInterface(java.lang.Object, java.lang.Object, java.lang.Object, java.lang.Object)'> (0x0000000723906460) 
thrown [s\open\src\hotspot\share\interpreter\linkResolver.cpp, line 774]
Event: 3.202 Thread 0x000001f66b82d140 Exception <a 'java/lang/NoSuchMethodError'{0x00000007236ff498}: 'long java.lang.invoke.DirectMethodHandle$Holder.invokeVirtual(java.lang.Object, java.lang.Object)'> (0x00000007236ff498) 
thrown [s\open\src\hotspot\share\interpreter\linkResolver.cpp, line 774]
Event: 3.205 Thread 0x000001f66b82d140 Exception <a 'java/io/FileNotFoundException'{0x0000000723729b90}> (0x0000000723729b90) 
thrown [s\open\src\hotspot\share\prims\jni.cpp, line 520]
Event: 3.271 Thread 0x000001f66b82d140 Exception <a 'java/lang/NoSuchMethodError'{0x000000072ca0c0f8}: 'java.lang.Object java.lang.invoke.DirectMethodHandle$Holder.newInvokeSpecial(java.lang.Object, java.lang.Object, java.lang.Object, java.lang.Object, java.lang.Object, java.lang.Object, java.lang.Object, java.lang.Object, java.lang.Object, java.lang.Object, java.lang.Object)'> (0x000000072ca0c0f8) 
thrown [s\open\src\hotspot\share\interpreter\linkResolver.cpp, line 774]
Event: 3.343 Thread 0x000001f66b82d140 Exception <a 'java/lang/NoSuchMethodError'{0x000000072c9bf278}: 'void java.lang.invoke.DelegatingMethodHandle$Holder.reinvoke_L(java.lang.Object, java.lang.Object, java.lang.Object, java.lang.Object, int, java.lang.Object, java.lang.Object, java.lang.Object)'> (0x000000072c9bf278) 
thrown [s\open\src\hotspot\share\interpreter\linkResolver.cpp, line 774]
Event: 4.338 Thread 0x000001f66b82d140 Exception <a 'java/lang/NoSuchMethodError'{0x000000072c61fa30}: 'int java.lang.invoke.DirectMethodHandle$Holder.invokeStatic(java.lang.Object)'> (0x000000072c61fa30) 
thrown [s\open\src\hotspot\share\interpreter\linkResolver.cpp, line 774]
Event: 4.658 Thread 0x000001f66b82d140 Exception <a 'sun/nio/fs/WindowsException'{0x0000000724cdb0e8}> (0x0000000724cdb0e8) 
thrown [s\open\src\hotspot\share\prims\jni.cpp, line 520]
Event: 5.141 Thread 0x000001f66b82d140 Implicit null exception at 0x000001f6163e8a41 to 0x000001f6163e8b74
Event: 5.350 Thread 0x000001f66b82d140 Exception <a 'java/lang/NoSuchMethodError'{0x000000072400f4c0}: 'java.lang.Object java.lang.invoke.DirectMethodHandle$Holder.invokeStaticInit(java.lang.Object, java.lang.Object, java.lang.Object, java.lang.Object)'> (0x000000072400f4c0) 
thrown [s\open\src\hotspot\share\interpreter\linkResolver.cpp, line 774]
Event: 5.358 Thread 0x000001f66b82d140 Exception <a 'java/lang/NoSuchMethodError'{0x0000000724095ae8}: 'int java.lang.invoke.Invokers$Holder.invokeExact_MT(java.lang.Object, java.lang.Object)'> (0x0000000724095ae8) 
thrown [s\open\src\hotspot\share\interpreter\linkResolver.cpp, line 774]

ZGC Phase Switch (0 events):
No events

VM Operations (20 events):
Event: 3.528 Executing VM operation: HandshakeAllThreads (Deoptimize)
Event: 3.528 Executing VM operation: HandshakeAllThreads (Deoptimize) done
Event: 4.208 Executing VM operation: CollectForMetadataAllocation (Metadata GC Threshold)
Event: 4.210 Executing VM operation: CollectForMetadataAllocation (Metadata GC Threshold) done
Event: 4.217 Executing VM operation: G1PauseRemark
Event: 4.219 Executing VM operation: G1PauseRemark done
Event: 4.221 Executing VM operation: G1PauseCleanup
Event: 4.221 Executing VM operation: G1PauseCleanup done
Event: 4.621 Executing VM operation: HandshakeAllThreads (Deoptimize)
Event: 4.621 Executing VM operation: HandshakeAllThreads (Deoptimize) done
Event: 4.659 Executing VM operation: HandshakeAllThreads (Deoptimize)
Event: 4.659 Executing VM operation: HandshakeAllThreads (Deoptimize) done
Event: 4.665 Executing VM operation: HandshakeAllThreads (Deoptimize)
Event: 4.665 Executing VM operation: HandshakeAllThreads (Deoptimize) done
Event: 4.793 Executing VM operation: HandshakeAllThreads (Deoptimize)
Event: 4.793 Executing VM operation: HandshakeAllThreads (Deoptimize) done
Event: 4.971 Executing VM operation: HandshakeAllThreads (Deoptimize)
Event: 4.972 Executing VM operation: HandshakeAllThreads (Deoptimize) done
Event: 5.350 Executing VM operation: ICBufferFull
Event: 5.350 Executing VM operation: ICBufferFull done

Memory protections (0 events):
No events

Nmethod flushes (20 events):
Event: 4.219 Thread 0x000001f624831840 flushing  nmethod 0x000001f616266a10
Event: 4.219 Thread 0x000001f624831840 flushing  nmethod 0x000001f616267790
Event: 4.219 Thread 0x000001f624831840 flushing  nmethod 0x000001f616268690
Event: 4.219 Thread 0x000001f624831840 flushing  nmethod 0x000001f616269210
Event: 4.219 Thread 0x000001f624831840 flushing  nmethod 0x000001f6162e7890
Event: 4.219 Thread 0x000001f624831840 flushing  nmethod 0x000001f60e755210
Event: 4.219 Thread 0x000001f624831840 flushing  nmethod 0x000001f60e7edd90
Event: 4.219 Thread 0x000001f624831840 flushing  nmethod 0x000001f60e7f1890
Event: 4.219 Thread 0x000001f624831840 flushing  nmethod 0x000001f60e7f1d90
Event: 4.219 Thread 0x000001f624831840 flushing  nmethod 0x000001f60e7f2110
Event: 4.219 Thread 0x000001f624831840 flushing  nmethod 0x000001f60e7f3810
Event: 4.219 Thread 0x000001f624831840 flushing  nmethod 0x000001f60e872a10
Event: 4.219 Thread 0x000001f624831840 flushing  nmethod 0x000001f60e873590
Event: 4.219 Thread 0x000001f624831840 flushing  nmethod 0x000001f60e874610
Event: 4.219 Thread 0x000001f624831840 flushing  nmethod 0x000001f60e875090
Event: 4.219 Thread 0x000001f624831840 flushing  nmethod 0x000001f60e875810
Event: 4.219 Thread 0x000001f624831840 flushing  nmethod 0x000001f60e96eb10
Event: 4.219 Thread 0x000001f624831840 flushing  nmethod 0x000001f60e96f990
Event: 4.219 Thread 0x000001f624831840 flushing  nmethod 0x000001f60ea79010
Event: 4.219 Thread 0x000001f624831840 flushing  nmethod 0x000001f60eb01e90

Events (20 events):
Event: 0.343 Thread 0x000001f6257f3ab0 Thread exited: 0x000001f6257f3ab0
Event: 0.343 Thread 0x000001f62575e750 Thread exited: 0x000001f62575e750
Event: 0.825 Thread 0x000001f604049d70 Thread added: 0x000001f6258fc1e0
Event: 0.825 Thread 0x000001f604049d70 Thread added: 0x000001f625822350
Event: 0.893 Thread 0x000001f62566d7a0 Thread added: 0x000001f66b220b80
Event: 0.940 Thread 0x000001f62566d7a0 Thread added: 0x000001f66b3a7d90
Event: 0.940 Thread 0x000001f62566d7a0 Thread added: 0x000001f66b3a8e50
Event: 0.944 Thread 0x000001f625560090 Thread added: 0x000001f66b460bf0
Event: 1.118 Thread 0x000001f604049d70 Thread added: 0x000001f66b7b7410
Event: 1.119 Thread 0x000001f66b7b7410 Thread added: 0x000001f66b82d140
Event: 1.393 Thread 0x000001f66b82d140 Thread added: 0x000001f66ba7e1d0
Event: 1.751 Thread 0x000001f66ba7e1d0 Thread exited: 0x000001f66ba7e1d0
Event: 1.826 Thread 0x000001f66b82d140 Thread added: 0x000001f66c07cdd0
Event: 1.885 Thread 0x000001f66c07cdd0 Thread exited: 0x000001f66c07cdd0
Event: 3.214 Thread 0x000001f66b82d140 Thread added: 0x000001f66e59a0d0
Event: 3.215 Thread 0x000001f66e59a0d0 Thread added: 0x000001f66d5f24d0
Event: 3.219 Thread 0x000001f66b82d140 Thread added: 0x000001f66efc7480
Event: 3.239 Thread 0x000001f66b82d140 Thread added: 0x000001f66eaae3a0
Event: 5.142 Thread 0x000001f66b82d140 Thread added: 0x000001f66eaafde0
Event: 5.265 Thread 0x000001f66eaafde0 Thread added: 0x000001f66eaaf750


Dynamic libraries:
0x00007ff7cde10000 - 0x00007ff7cde20000 	D:\Apps\JAVA\bin\java.exe
0x00007ffa08770000 - 0x00007ffa08987000 	C:\Windows\SYSTEM32\ntdll.dll
0x00007ffa06b20000 - 0x00007ffa06be4000 	C:\Windows\System32\KERNEL32.DLL
0x00007ffa05ae0000 - 0x00007ffa05e99000 	C:\Windows\System32\KERNELBASE.dll
0x00007ffa05ea0000 - 0x00007ffa05fb1000 	C:\Windows\System32\ucrtbase.dll
0x00007ffa01a60000 - 0x00007ffa01a7b000 	D:\Apps\JAVA\bin\VCRUNTIME140.dll
0x00007ff9ea010000 - 0x00007ff9ea027000 	D:\Apps\JAVA\bin\jli.dll
0x00007ffa068e0000 - 0x00007ffa06a8e000 	C:\Windows\System32\USER32.dll
0x00007ff9f3710000 - 0x00007ff9f39a2000 	C:\Windows\WinSxS\amd64_microsoft.windows.common-controls_6595b64144ccf1df_6.0.22621.4391_none_2715d37f73803e96\COMCTL32.dll
0x00007ffa06460000 - 0x00007ffa06486000 	C:\Windows\System32\win32u.dll
0x00007ffa071e0000 - 0x00007ffa07287000 	C:\Windows\System32\msvcrt.dll
0x00007ffa06af0000 - 0x00007ffa06b19000 	C:\Windows\System32\GDI32.dll
0x00007ffa06340000 - 0x00007ffa0645b000 	C:\Windows\System32\gdi32full.dll
0x00007ffa06070000 - 0x00007ffa0610a000 	C:\Windows\System32\msvcp_win.dll
0x00007ffa06d60000 - 0x00007ffa06d91000 	C:\Windows\System32\IMM32.DLL
0x00007ff9f1be0000 - 0x00007ff9f1bec000 	D:\Apps\JAVA\bin\vcruntime140_1.dll
0x00007ff9ced70000 - 0x00007ff9cedfe000 	D:\Apps\JAVA\bin\msvcp140.dll
0x00007ff9ccdf0000 - 0x00007ff9cdb39000 	D:\Apps\JAVA\bin\server\jvm.dll
0x00007ffa07f00000 - 0x00007ffa07fb2000 	C:\Windows\System32\ADVAPI32.dll
0x00007ffa07fc0000 - 0x00007ffa08067000 	C:\Windows\System32\sechost.dll
0x00007ffa06040000 - 0x00007ffa06068000 	C:\Windows\System32\bcrypt.dll
0x00007ffa07390000 - 0x00007ffa074a4000 	C:\Windows\System32\RPCRT4.dll
0x00007ffa07310000 - 0x00007ffa07381000 	C:\Windows\System32\WS2_32.dll
0x00007ffa05890000 - 0x00007ffa058dd000 	C:\Windows\SYSTEM32\POWRPROF.dll
0x00007ffa01c30000 - 0x00007ffa01c64000 	C:\Windows\SYSTEM32\WINMM.dll
0x00007ff9fdab0000 - 0x00007ff9fdaba000 	C:\Windows\SYSTEM32\VERSION.dll
0x00007ffa05770000 - 0x00007ffa05783000 	C:\Windows\SYSTEM32\UMPDC.dll
0x00007ffa04a70000 - 0x00007ffa04a88000 	C:\Windows\SYSTEM32\kernel.appcore.dll
0x00007ff9f1920000 - 0x00007ff9f192a000 	D:\Apps\JAVA\bin\jimage.dll
0x00007ff9feb20000 - 0x00007ff9fed52000 	C:\Windows\SYSTEM32\DBGHELP.DLL
0x00007ffa06540000 - 0x00007ffa068cf000 	C:\Windows\System32\combase.dll
0x00007ffa06c80000 - 0x00007ffa06d57000 	C:\Windows\System32\OLEAUT32.dll
0x00007ff9f5110000 - 0x00007ff9f5142000 	C:\Windows\SYSTEM32\dbgcore.DLL
0x00007ffa05fc0000 - 0x00007ffa0603b000 	C:\Windows\System32\bcryptPrimitives.dll
0x00007ff9ec0e0000 - 0x00007ff9ec0ef000 	D:\Apps\JAVA\bin\instrument.dll
0x00007ff9e9ff0000 - 0x00007ff9ea00e000 	D:\Apps\JAVA\bin\java.dll
0x00007ffa07680000 - 0x00007ffa07ef6000 	C:\Windows\System32\SHELL32.dll
0x00007ffa074d0000 - 0x00007ffa07675000 	C:\Windows\System32\ole32.dll
0x00007ffa03960000 - 0x00007ffa04263000 	C:\Windows\SYSTEM32\windows.storage.dll
0x00007ffa03820000 - 0x00007ffa0395f000 	C:\Windows\SYSTEM32\wintypes.dll
0x00007ffa06da0000 - 0x00007ffa06e99000 	C:\Windows\System32\SHCORE.dll
0x00007ffa06fb0000 - 0x00007ffa0700e000 	C:\Windows\System32\shlwapi.dll
0x00007ffa059a0000 - 0x00007ffa059cb000 	C:\Windows\SYSTEM32\profapi.dll
0x00007ff9cec90000 - 0x00007ff9ced67000 	D:\Apps\JAVA\bin\jsvml.dll
0x00007ff9e95e0000 - 0x00007ff9e95f7000 	D:\Apps\JAVA\bin\zip.dll
0x00007ff9ec230000 - 0x00007ff9ec240000 	D:\Apps\JAVA\bin\net.dll
0x00007ffa04ee0000 - 0x00007ffa04f49000 	C:\Windows\system32\mswsock.dll
0x00007ff9e9600000 - 0x00007ff9e9616000 	D:\Apps\JAVA\bin\nio.dll
0x00007ff9e6bf0000 - 0x00007ff9e6c0a000 	D:\Apps\IntelliJ IDEA Community Edition 2024.2.4\bin\breakgen64.dll
0x00007ff9e8e60000 - 0x00007ff9e8e69000 	D:\Apps\JAVA\bin\extnet.dll
0x00007ff9ebc90000 - 0x00007ff9ebc9a000 	D:\Apps\JAVA\bin\management.dll
0x00007ff9eaee0000 - 0x00007ff9eaeeb000 	D:\Apps\JAVA\bin\management_ext.dll
0x00007ffa086a0000 - 0x00007ffa086a8000 	C:\Windows\System32\PSAPI.DLL
0x00007ff9e7880000 - 0x00007ff9e788b000 	D:\Apps\JAVA\bin\le.dll
0x00007ff9e9fb0000 - 0x00007ff9e9fbe000 	D:\Apps\JAVA\bin\sunmscapi.dll
0x00007ffa061d0000 - 0x00007ffa06336000 	C:\Windows\System32\CRYPT32.dll
0x00007ffa05340000 - 0x00007ffa0536d000 	C:\Windows\SYSTEM32\ncrypt.dll
0x00007ffa05300000 - 0x00007ffa05337000 	C:\Windows\SYSTEM32\NTASN1.dll
0x00007ffa05110000 - 0x00007ffa0512b000 	C:\Windows\SYSTEM32\CRYPTSP.dll
0x00007ffa049d0000 - 0x00007ffa04a05000 	C:\Windows\system32\rsaenh.dll
0x00007ffa04f90000 - 0x00007ffa04fb8000 	C:\Windows\SYSTEM32\USERENV.dll
0x00007ffa05130000 - 0x00007ffa0513c000 	C:\Windows\SYSTEM32\CRYPTBASE.dll
0x00007ffa04510000 - 0x00007ffa0453d000 	C:\Windows\SYSTEM32\IPHLPAPI.DLL
0x00007ffa071d0000 - 0x00007ffa071d9000 	C:\Windows\System32\NSI.dll
0x00007ff9e6d20000 - 0x00007ff9e6d30000 	D:\Apps\JAVA\bin\verify.dll
0x00007ffa04540000 - 0x00007ffa04642000 	C:\Windows\SYSTEM32\DNSAPI.dll
0x00007ff9f7fc0000 - 0x00007ff9f7fca000 	C:\Windows\System32\rasadhlp.dll
0x00007ff9fe6f0000 - 0x00007ff9fe773000 	C:\Windows\System32\fwpuclnt.dll

dbghelp: loaded successfully - version: 4.0.5 - missing functions: none
symbol engine: initialized successfully - sym options: 0x614 - pdb path: .;D:\Apps\JAVA\bin;C:\Windows\SYSTEM32;C:\Windows\WinSxS\amd64_microsoft.windows.common-controls_6595b64144ccf1df_6.0.22621.4391_none_2715d37f73803e96;D:\Apps\JAVA\bin\server;D:\Apps\IntelliJ IDEA Community Edition 2024.2.4\bin

VM Arguments:
jvm_args: -javaagent:D:\Apps\IntelliJ IDEA Community Edition 2024.2.4\lib\idea_rt.jar=51223:D:\Apps\IntelliJ IDEA Community Edition 2024.2.4\bin -Dfile.encoding=UTF-8 -Dsun.stdout.encoding=UTF-8 -Dsun.stderr.encoding=UTF-8 
java_command: com.mohit.SMS.With.Maven.SmsWithMavenApplication
java_class_path (initial): D:\Coding\Java\Spring\School-Management-System-web--main-main\SMS-With-Maven\target\classes;C:\Users\Safu\.m2\repository\org\springframework\boot\spring-boot-starter-data-jpa\3.2.1\spring-boot-starter-data-jpa-3.2.1.jar;C:\Users\Safu\.m2\repository\org\springframework\boot\spring-boot-starter-aop\3.2.1\spring-boot-starter-aop-3.2.1.jar;C:\Users\Safu\.m2\repository\org\springframework\spring-aop\6.1.2\spring-aop-6.1.2.jar;C:\Users\Safu\.m2\repository\org\aspectj\aspectjweaver\1.9.21\aspectjweaver-1.9.21.jar;C:\Users\Safu\.m2\repository\org\springframework\boot\spring-boot-starter-jdbc\3.2.1\spring-boot-starter-jdbc-3.2.1.jar;C:\Users\Safu\.m2\repository\com\zaxxer\HikariCP\5.0.1\HikariCP-5.0.1.jar;C:\Users\Safu\.m2\repository\org\springframework\spring-jdbc\6.1.2\spring-jdbc-6.1.2.jar;C:\Users\Safu\.m2\repository\org\hibernate\orm\hibernate-core\6.4.1.Final\hibernate-core-6.4.1.Final.jar;C:\Users\Safu\.m2\repository\jakarta\persistence\jakarta.persistence-api\3.1.0\jakarta.persistence-api-3.1.0.jar;C:\Users\Safu\.m2\repository\jakarta\transaction\jakarta.transaction-api\2.0.1\jakarta.transaction-api-2.0.1.jar;C:\Users\Safu\.m2\repository\org\jboss\logging\jboss-logging\3.5.3.Final\jboss-logging-3.5.3.Final.jar;C:\Users\Safu\.m2\repository\org\hibernate\common\hibernate-commons-annotations\6.0.6.Final\hibernate-commons-annotations-6.0.6.Final.jar;C:\Users\Safu\.m2\repository\io\smallrye\jandex\3.1.2\jandex-3.1.2.jar;C:\Users\Safu\.m2\repository\com\fasterxml\classmate\1.6.0\classmate-1.6.0.jar;C:\Users\Safu\.m2\repository\net\bytebuddy\byte-buddy\1.14.10\byte-buddy-1.14.10.jar;C:\Users\Safu\.m2\repository\org\glassfish\jaxb\jaxb-runtime\4.0.4\jaxb-runtime-4.0.4.jar;C:\Users\Safu\.m2\repository\org\glassfish\jaxb\jaxb-core\4.0.4\jaxb-core-4.0.4.jar;C:\Users\Safu\.m2\repository\org\glassfish\jaxb\txw2\4.0.4\txw2-4.0.4.jar;C:\Users\Safu\.m2\repository\com\sun\istack\istack-commons-runtime\4.1.2\istack-commons-runtime-4.1.2.jar;C:\Users\Safu\.m2\repository\jakarta\inject\jakarta.inject-api\2.0.1\jakarta.inject-api-2.0.1.jar;C:\Users\Safu\.m2\repository\org\antlr\antlr4-runtime\4.13.0\antlr4-runtime-4.13.0.jar;C:\Users\Safu\.m2\repository\org\springframework\data\spring-data-jpa\3.2.1\spring-data-jpa-3.2.1.jar;C:\Users\Safu\.m2\repository\org\springframework\data\spring-data-commons\3.2.1\spring-data-commons-3.2.1.jar;C:\Users\Safu\.m2\repository\org\springframework\spring-orm\6.1.2\spring-orm-6.1.2.jar;C:\Users\Safu\.m2\repository\org\springframework\spring-context\6.1.2\spring-context-6.1.2.jar;C:\Users\Safu\.m2\repository\org\springframework\spring-tx\6.1.2\spring-tx-6.1.2.jar;C:\Users\Safu\.m2\repository\org\springframework\spring-beans\6.1.2\spring-beans-6.1.2.jar;C:\Users\Safu\.m2\repository\jakarta\annotation\jakarta.annotation-api\2.1.1\jakarta.annotation-api-2.1.1.jar;C:\Users\Safu\.m2\repository\org\slf4j\slf4j-api\2.0.9\slf4j-api-2.0.9.jar;C:\Users\Safu\.m2\repository\org\springframework\spring-aspects\6.1.2\spring-aspects-6.1.2.jar;C:\Users\Safu\.m2\repository\org\springframework\boot\spring-boot-starter-thymeleaf\3.2.1\spring-boot-starter-thymeleaf-3.2.1.jar;C:\Users\Safu\.m2\repository\org\springframework\boot\spring-boot-starter\3.2.1\spring-boot-starter-3.2.1.jar;C:\Users\Safu\.m2\repository\org\springframework\boot\spring-boot-starter-logging\3.2.1\spring-boot-starter-logging-3.2.1.jar;C:\Users\Safu\.m2\repository\ch\qos\logback\logback-classic\1.4.14\logback-classic-1.4.14.jar;C:\Users\Safu\.m2\repository\ch\qos\logback\logback-core\1.4.14\logback-core-1.4.14.jar;C:\Users\Safu\.m2\repository\org\apache\logging\log4j\log4j-to-slf4j\2.21.1\log4j-to-slf4j-2.21.1.jar;C:\Users\Safu\.m2\repository\org\apache\logging\log4j\log4j-api\2.21.1\log4j-api-2.21.1.jar;C:\Users\Safu\.m2\repository\org\slf4j\jul-to-slf4j\2.0.9\jul-to-slf4j-2.0.9.jar;C:\Users\Safu\.m2\repository\org\yaml\snakeyaml\2.2\snakeyaml-2.2.jar;C:\Users\Safu\.m2\repository\org\thymeleaf\thymeleaf-spring6\3.1.2.RELEASE\thymeleaf-spring6-3.1.2.RELEASE.jar;C:\Users\Safu\.m2\repository\org\thymeleaf\thymeleaf\3.1.2.RELEASE\thymeleaf-3.1.2.RELEASE.jar;C:\Users\Safu\.m2\repository\org\attoparser\attoparser\2.0.7.RELEASE\attoparser-2.0.7.RELEASE.jar;C:\Users\Safu\.m2\repository\org\unbescape\unbescape\1.1.6.RELEASE\unbescape-1.1.6.RELEASE.jar;C:\Users\Safu\.m2\repository\org\springframework\boot\spring-boot-starter-web\3.2.1\spring-boot-starter-web-3.2.1.jar;C:\Users\Safu\.m2\repository\org\springframework\boot\spring-boot-starter-json\3.2.1\spring-boot-starter-json-3.2.1.jar;C:\Users\Safu\.m2\repository\com\fasterxml\jackson\core\jackson-databind\2.15.3\jackson-databind-2.15.3.jar;C:\Users\Safu\.m2\repository\com\fasterxml\jackson\core\jackson-annotations\2.15.3\jackson-annotations-2.15.3.jar;C:\Users\Safu\.m2\repository\com\fasterxml\jackson\core\jackson-core\2.15.3\jackson-core-2.15.3.jar;C:\Users\Safu\.m2\repository\com\fasterxml\jackson\datatype\jackson-datatype-jdk8\2.15.3\jackson-datatype-jdk8-2.15.3.jar;C:\Users\Safu\.m2\repository\com\fasterxml\jackson\datatype\jackson-datatype-jsr310\2.15.3\jackson-datatype-jsr310-2.15.3.jar;C:\Users\Safu\.m2\repository\com\fasterxml\jackson\module\jackson-module-parameter-names\2.15.3\jackson-module-parameter-names-2.15.3.jar;C:\Users\Safu\.m2\repository\org\springframework\boot\spring-boot-starter-tomcat\3.2.1\spring-boot-starter-tomcat-3.2.1.jar;C:\Users\Safu\.m2\repository\org\apache\tomcat\embed\tomcat-embed-core\10.1.17\tomcat-embed-core-10.1.17.jar;C:\Users\Safu\.m2\repository\org\apache\tomcat\embed\tomcat-embed-el\10.1.17\tomcat-embed-el-10.1.17.jar;C:\Users\Safu\.m2\repository\org\apache\tomcat\embed\tomcat-embed-websocket\10.1.17\tomcat-embed-websocket-10.1.17.jar;C:\Users\Safu\.m2\repository\org\springframework\spring-web\6.1.2\spring-web-6.1.2.jar;C:\Users\Safu\.m2\repository\io\micrometer\micrometer-observation\1.12.1\micrometer-observation-1.12.1.jar;C:\Users\Safu\.m2\repository\io\micrometer\micrometer-commons\1.12.1\micrometer-commons-1.12.1.jar;C:\Users\Safu\.m2\repository\org\springframework\spring-webmvc\6.1.2\spring-webmvc-6.1.2.jar;C:\Users\Safu\.m2\repository\org\springframework\spring-expression\6.1.2\spring-expression-6.1.2.jar;C:\Users\Safu\.m2\repository\org\springframework\boot\spring-boot-devtools\3.2.1\spring-boot-devtools-3.2.1.jar;C:\Users\Safu\.m2\repository\org\springframework\boot\spring-boot\3.2.1\spring-boot-3.2.1.jar;C:\Users\Safu\.m2\repository\org\springframework\boot\spring-boot-autoconfigure\3.2.1\spring-boot-autoconfigure-3.2.1.jar;C:\Users\Safu\.m2\repository\mysql\mysql-connector-java\8.0.23\mysql-connector-java-8.0.23.jar;C:\Users\Safu\.m2\repository\com\google\protobuf\protobuf-java\3.11.4\protobuf-java-3.11.4.jar;C:\Users\Safu\.m2\repository\org\apache\commons\commons-lang3\3.12.0\commons-lang3-3.12.0.jar;C:\Users\Safu\.m2\repository\org\projectlombok\lombok\1.18.30\lombok-1.18.30.jar;C:\Users\Safu\.m2\repository\jakarta\xml\bind\jakarta.xml.bind-api\4.0.1\jakarta.xml.bind-api-4.0.1.jar;C:\Users\Safu\.m2\repository\jakarta\activation\jakarta.activation-api\2.1.2\jakarta.activation-api-2.1.2.jar;C:\Users\Safu\.m2\repository\org\springframework\spring-core\6.1.2\spring-core-6.1.2.jar;C:\Users\Safu\.m2\repository\org\springframework\spring-jcl\6.1.2\spring-jcl-6.1.2.jar;C:\Users\Safu\.m2\repository\org\springframework\boot\spring-boot-starter-mail\3.1.2\spring-boot-starter-mail-3.1.2.jar;C:\Users\Safu\.m2\repository\org\springframework\spring-context-support\6.1.2\spring-context-support-6.1.2.jar;C:\Users\Safu\.m2\repository\org\eclipse\angus\jakarta.mail\2.0.2\jakarta.mail-2.0.2.jar;C:\Users\Safu\.m2\repository\org\eclipse\angus\angus-activation\2.0.1\angus-activation-2.0.1.jar;C:\Users\Safu\.m2\repository\com\itextpdf\itextpdf\5.5.13\itextpdf-5.5.13.jar
Launcher Type: SUN_STANDARD

[Global flags]
     intx CICompilerCount                          = 12                                        {product} {ergonomic}
     uint ConcGCThreads                            = 3                                         {product} {ergonomic}
     uint G1ConcRefinementThreads                  = 13                                        {product} {ergonomic}
   size_t G1HeapRegionSize                         = 2097152                                   {product} {ergonomic}
   size_t InitialHeapSize                          = 234881024                                 {product} {ergonomic}
   size_t MarkStackSize                            = 4194304                                   {product} {ergonomic}
   size_t MaxHeapSize                              = 3730833408                                {product} {ergonomic}
   size_t MaxNewSize                               = 2237661184                                {product} {ergonomic}
   size_t MinHeapDeltaBytes                        = 2097152                                   {product} {ergonomic}
   size_t MinHeapSize                              = 8388608                                   {product} {ergonomic}
    uintx NonNMethodCodeHeapSize                   = 7602480                                {pd product} {ergonomic}
    uintx NonProfiledCodeHeapSize                  = 122027880                              {pd product} {ergonomic}
    uintx ProfiledCodeHeapSize                     = 122027880                              {pd product} {ergonomic}
    uintx ReservedCodeCacheSize                    = 251658240                              {pd product} {ergonomic}
     bool SegmentedCodeCache                       = true                                      {product} {ergonomic}
   size_t SoftMaxHeapSize                          = 3730833408                             {manageable} {ergonomic}
     bool UseCompressedOops                        = true                           {product lp64_product} {ergonomic}
     bool UseG1GC                                  = true                                      {product} {ergonomic}
     bool UseLargePagesIndividualAllocation        = false                                  {pd product} {ergonomic}

Logging:
Log output configuration:
 #0: stdout all=warning uptime,level,tags foldmultilines=false
 #1: stderr all=off uptime,level,tags foldmultilines=false

Environment Variables:
PATH=C:\Program Files\Common Files\Oracle\Java\javapath;C:\Windows\system32;C:\Windows;C:\Windows\System32\Wbem;C:\Windows\System32\WindowsPowerShell\v1.0\;C:\Windows\System32\OpenSSH\;C:\Program Files\Git\cmd;C:\Program Files\PowerShell\7\;D:\Apps\Node\;C:\Program Files\CMake\bin;C:\Program Files\dotnet\;C:\flutter\bin;C:\Users\Safu\AppData\Local\pnpm;C:\Users\Safu\.cargo\bin;C:\Users\Safu\AppData\Local\Programs\Python\Python312\Scripts\;C:\Users\Safu\AppData\Local\Programs\Python\Python312\;C:\Users\Safu\AppData\Local\Microsoft\WindowsApps;D:\Apps\Microsoft VS Code\bin;C:\Users\Safu\AppData\Local\GitHubDesktop\bin;C:\Users\Safu\AppData\Roaming\npm;D:\Apps\msys64\ucrt64\bin;C:\Program Files (x86)\dotnet;C:\Users\Safu\.dotnet\tools;D:\Apps\IntelliJ IDEA Community Edition 2024.2.4\bin;;D:\Downloads\apache-maven-3.9.9-bin\apache-maven-3.9.9\bin;C:\Program Files\Mono\bin;C:\flutter\bin;
USERNAME=Safu
OS=Windows_NT
PROCESSOR_IDENTIFIER=AMD64 Family 25 Model 80 Stepping 0, AuthenticAMD
TMP=C:\Users\Safu\AppData\Local\Temp
TEMP=C:\Users\Safu\AppData\Local\Temp




Periodic native trim disabled

---------------  S Y S T E M  ---------------

OS:
 Windows 11 , 64 bit Build 22621 (10.0.22621.4391)
OS uptime: 0 days 2:51 hours
Hyper-V role detected

CPU: total 16 (initial active 16) (16 cores per cpu, 2 threads per core) family 25 model 80 stepping 0 microcode 0x0, cx8, cmov, fxsr, ht, mmx, 3dnowpref, sse, sse2, sse3, ssse3, sse4a, sse4.1, sse4.2, popcnt, lzcnt, tsc, tscinvbit, avx, avx2, aes, erms, clmul, bmi1, bmi2, adx, sha, fma, vzeroupper, clflush, clflushopt, hv, rdtscp, rdpid, fsrm, f16c, cet_ss
Processor Information for all 16 processors :
  Max Mhz: 3801, Current Mhz: 3801, Mhz Limit: 3801

Memory: 4k page, system-wide physical 14228M (446M free)
TotalPageFile size 34997M (AvailPageFile size 4417M)
current process WorkingSet (physical memory assigned to process): 235M, peak: 235M
current process commit charge ("private bytes"): 283M, peak: 409M

vm_info: Java HotSpot(TM) 64-Bit Server VM (22.0.2+9-70) for windows-amd64 JRE (22.0.2+9-70), built on 2024-06-04T16:52:23Z by "mach5one" with MS VC++ 17.6 (VS2022)

END.
